app/built/intermediates/manifest_merge_blame_file/debug/manifest-merger-blame-debug-report.txt
1<?xml version="1.0" encoding="utf-8"?>
2<manifest xmlns:android="http://schemas.android.com/apk/res/android"
3    package="com.example.krishak_anappforkisan"
4    android:versionCode="1"
5    android:versionName="1.0" >
6
7    <uses-sdk
8        android:minSdkVersion="16"
8-->src\main\AndroidManifest.xml
9        android:targetSdkVersion="30" />
9-->src\main\AndroidManifest.xml
10
11    <!-- Although the *SdkVersion is captured in gradle build files, this is required for non gradle builds -->
12    <!-- <uses-sdk android:minSdkVersion="14"/> -->
13    <uses-permission android:name="android.permission.ACCESS_NETWORK_STATE" />
13-->[com.google.firebase:firebase-database:19.6.0] AndroidManifest.xml:25:5-79
13-->[com.google.firebase:firebase-database:19.6.0] AndroidManifest.xml:25:22-76
14    <uses-permission android:name="android.permission.INTERNET" />
14-->[com.google.firebase:firebase-database:19.6.0] AndroidManifest.xml:26:5-67
14-->[com.google.firebase:firebase-database:19.6.0] AndroidManifest.xml:26:22-64
15    <uses-permission android:name="android.permission.WAKE_LOCK" />
15-->[com.google.android.gms:play-services-measurement-api:18.0.2] AndroidManifest.xml:24:5-68
15-->[com.google.android.gms:play-services-measurement-api:18.0.2] AndroidManifest.xml:24:22-65
16    <uses-permission android:name="com.google.android.finsky.permission.BIND_GET_INSTALL_REFERRER_SERVICE" />
16-->[com.google.android.gms:play-services-measurement:18.0.2] AndroidManifest.xml:26:5-110
16-->[com.google.android.gms:play-services-measurement:18.0.2] AndroidManifest.xml:26:22-107
17
18    <application
18-->src\main\AndroidManifest.xml:5:5-54:19
19        android:name="androidx.multidex.MultiDexApplication"
20        android:allowBackup="true"
20-->src\main\AndroidManifest.xml:6:9-35
21        android:appComponentFactory="androidx.core.app.CoreComponentFactory"
21-->[androidx.core:core:1.3.1] AndroidManifest.xml:24:18-86
22        android:debuggable="true"
23        android:icon="@mipmap/ic_launcher"
23-->src\main\AndroidManifest.xml:7:9-43
24        android:label="@string/app_name"
24-->src\main\AndroidManifest.xml:8:9-41
25        android:roundIcon="@mipmap/ic_launcher_round"
25-->src\main\AndroidManifest.xml:9:9-54
26        android:supportsRtl="true"
26-->src\main\AndroidManifest.xml:10:9-35
27        android:testOnly="true"
28        android:theme="@style/Theme.KrishakAnAppForKisan" >
28-->src\main\AndroidManifest.xml:11:9-58
29        <activity android:name="com.example.krishak_anappforkisan.MerchantBuyMprice" />
29-->src\main\AndroidManifest.xml:12:9-64
29-->src\main\AndroidManifest.xml:12:19-52
30        <activity android:name="com.example.krishak_anappforkisan.MerchantBuyHome" />
30-->src\main\AndroidManifest.xml:13:9-53
30-->src\main\AndroidManifest.xml:13:19-50
31        <activity android:name="com.example.krishak_anappforkisan.SellSeed" />
31-->src\main\AndroidManifest.xml:14:9-46
31-->src\main\AndroidManifest.xml:14:19-43
32        <activity android:name="com.example.krishak_anappforkisan.MerchentHome" />
32-->src\main\AndroidManifest.xml:15:9-50
32-->src\main\AndroidManifest.xml:15:19-47
33        <activity android:name="com.example.krishak_anappforkisan.SellInsectisides" />
33-->src\main\AndroidManifest.xml:16:9-54
33-->src\main\AndroidManifest.xml:16:19-51
34        <activity android:name="com.example.krishak_anappforkisan.SellTools" />
34-->src\main\AndroidManifest.xml:17:9-47
34-->src\main\AndroidManifest.xml:17:19-44
35        <activity android:name="com.example.krishak_anappforkisan.SellFertilizers" />
35-->src\main\AndroidManifest.xml:18:9-53
35-->src\main\AndroidManifest.xml:18:19-50
36        <activity android:name="com.example.krishak_anappforkisan.SellSeeds" />
36-->src\main\AndroidManifest.xml:19:9-47
36-->src\main\AndroidManifest.xml:19:19-44
37        <activity android:name="com.example.krishak_anappforkisan.MerchentSell" />
37-->src\main\AndroidManifest.xml:20:9-50
37-->src\main\AndroidManifest.xml:20:19-47
38        <activity android:name="com.example.krishak_anappforkisan.MerchentBuyNew" />
38-->src\main\AndroidManifest.xml:21:9-52
38-->src\main\AndroidManifest.xml:21:19-49
39        <activity android:name="com.example.krishak_anappforkisan.FarmerHelp$MerchantBuy" />
39-->src\main\AndroidManifest.xml:22:9-60
39-->src\main\AndroidManifest.xml:22:19-57
40        <activity android:name="com.example.krishak_anappforkisan.ListBuyers" />
40-->src\main\AndroidManifest.xml:23:9-48
40-->src\main\AndroidManifest.xml:23:19-45
41        <activity android:name="com.example.krishak_anappforkisan.FarmerSellHome" />
41-->src\main\AndroidManifest.xml:24:9-52
41-->src\main\AndroidManifest.xml:24:19-49
42        <activity android:name="com.example.krishak_anappforkisan.BuySeeds" />
42-->src\main\AndroidManifest.xml:25:9-46
42-->src\main\AndroidManifest.xml:25:19-43
43        <activity
43-->src\main\AndroidManifest.xml:26:9-28:64
44            android:name="com.example.krishak_anappforkisan.ui.login.BuySeeds"
44-->src\main\AndroidManifest.xml:27:13-46
45            android:label="@string/title_activity_buy_seeds" />
45-->src\main\AndroidManifest.xml:28:13-61
46        <activity android:name="com.example.krishak_anappforkisan.BuyInsectisides" />
46-->src\main\AndroidManifest.xml:29:9-53
46-->src\main\AndroidManifest.xml:29:19-50
47        <activity
47-->src\main\AndroidManifest.xml:30:9-33:77
48            android:name="com.example.krishak_anappforkisan.BuyTools"
48-->src\main\AndroidManifest.xml:31:13-37
49            android:label="@string/title_activity_buy_tools"
49-->src\main\AndroidManifest.xml:32:13-61
50            android:theme="@style/Theme.KrishakAnAppForKisan.NoActionBar" />
50-->src\main\AndroidManifest.xml:33:13-74
51        <activity
51-->src\main\AndroidManifest.xml:34:9-37:77
52            android:name="com.example.krishak_anappforkisan.BuyFertilizer"
52-->src\main\AndroidManifest.xml:35:13-42
53            android:label="@string/title_activity_buy_fertilizer"
53-->src\main\AndroidManifest.xml:36:13-66
54            android:theme="@style/Theme.KrishakAnAppForKisan.NoActionBar" />
54-->src\main\AndroidManifest.xml:37:13-74
55        <activity android:name="com.example.krishak_anappforkisan.FarmerSell" />
55-->src\main\AndroidManifest.xml:38:9-48
55-->src\main\AndroidManifest.xml:38:19-45
56        <activity android:name="com.example.krishak_anappforkisan.FarmerBuy" />
56-->src\main\AndroidManifest.xml:39:9-47
56-->src\main\AndroidManifest.xml:39:19-44
57        <activity android:name="com.example.krishak_anappforkisan.FarmerHome" />
57-->src\main\AndroidManifest.xml:40:9-48
57-->src\main\AndroidManifest.xml:40:19-45
58        <activity android:name="com.example.krishak_anappforkisan.MarchentLogin" />
58-->src\main\AndroidManifest.xml:41:9-51
58-->src\main\AndroidManifest.xml:41:19-48
59        <activity
59-->src\main\AndroidManifest.xml:42:9-45:77
60            android:name="com.example.krishak_anappforkisan.Login"
60-->src\main\AndroidManifest.xml:43:13-34
61            android:label="@string/title_activity_farmer_login"
61-->src\main\AndroidManifest.xml:44:13-64
62            android:theme="@style/Theme.KrishakAnAppForKisan.NoActionBar" />
62-->src\main\AndroidManifest.xml:45:13-74
63        <activity android:name="com.example.krishak_anappforkisan.UserChoise" />
63-->src\main\AndroidManifest.xml:46:9-48
63-->src\main\AndroidManifest.xml:46:19-45
64        <activity android:name="com.example.krishak_anappforkisan.MainActivity" >
64-->src\main\AndroidManifest.xml:47:9-53:20
64-->src\main\AndroidManifest.xml:47:19-47
65            <intent-filter>
65-->src\main\AndroidManifest.xml:48:13-52:29
66                <action android:name="android.intent.action.MAIN" />
66-->src\main\AndroidManifest.xml:49:17-69
66-->src\main\AndroidManifest.xml:49:25-66
67
68                <category android:name="android.intent.category.LAUNCHER" />
68-->src\main\AndroidManifest.xml:51:17-77
68-->src\main\AndroidManifest.xml:51:27-74
69            </intent-filter>
70        </activity>
71
72        <service
72-->[com.google.firebase:firebase-database:19.6.0] AndroidManifest.xml:29:9-35:19
73            android:name="com.google.firebase.components.ComponentDiscoveryService"
73-->[com.google.firebase:firebase-database:19.6.0] AndroidManifest.xml:30:13-84
74            android:directBootAware="true"
74-->[com.google.firebase:firebase-common:19.5.0] AndroidManifest.xml:35:13-43
75            android:exported="false" >
75-->[com.google.firebase:firebase-database:19.6.0] AndroidManifest.xml:31:13-37
76            <meta-data
76-->[com.google.firebase:firebase-database:19.6.0] AndroidManifest.xml:32:13-34:85
77                android:name="com.google.firebase.components:com.google.firebase.database.DatabaseRegistrar"
77-->[com.google.firebase:firebase-database:19.6.0] AndroidManifest.xml:33:17-109
78                android:value="com.google.firebase.components.ComponentRegistrar" />
78-->[com.google.firebase:firebase-database:19.6.0] AndroidManifest.xml:34:17-82
79            <meta-data
79-->[com.google.firebase:firebase-auth:20.0.2] AndroidManifest.xml:77:13-79:85
80                android:name="com.google.firebase.components:com.google.firebase.auth.FirebaseAuthRegistrar"
80-->[com.google.firebase:firebase-auth:20.0.2] AndroidManifest.xml:78:17-109
81                android:value="com.google.firebase.components.ComponentRegistrar" />
81-->[com.google.firebase:firebase-auth:20.0.2] AndroidManifest.xml:79:17-82
82            <meta-data
82-->[com.google.android.gms:play-services-measurement-api:18.0.2] AndroidManifest.xml:30:13-32:85
83                android:name="com.google.firebase.components:com.google.firebase.analytics.connector.internal.AnalyticsConnectorRegistrar"
83-->[com.google.android.gms:play-services-measurement-api:18.0.2] AndroidManifest.xml:31:17-139
84                android:value="com.google.firebase.components.ComponentRegistrar" />
84-->[com.google.android.gms:play-services-measurement-api:18.0.2] AndroidManifest.xml:32:17-82
85            <meta-data
85-->[com.google.firebase:firebase-installations:16.3.5] AndroidManifest.xml:18:13-20:85
86                android:name="com.google.firebase.components:com.google.firebase.installations.FirebaseInstallationsRegistrar"
86-->[com.google.firebase:firebase-installations:16.3.5] AndroidManifest.xml:19:17-127
87                android:value="com.google.firebase.components.ComponentRegistrar" />
87-->[com.google.firebase:firebase-installations:16.3.5] AndroidManifest.xml:20:17-82
88            <!--
89                This registrar is not defined in the dynamic-module-support sdk itself to allow non-firebase
90                clients to use it as well, by defining this registrar in their own core/common library.
91            -->
92            <meta-data
92-->[com.google.firebase:firebase-common:19.5.0] AndroidManifest.xml:43:13-45:85
93                android:name="com.google.firebase.components:com.google.firebase.dynamicloading.DynamicLoadingRegistrar"
93-->[com.google.firebase:firebase-common:19.5.0] AndroidManifest.xml:44:17-121
94                android:value="com.google.firebase.components.ComponentRegistrar" />
94-->[com.google.firebase:firebase-common:19.5.0] AndroidManifest.xml:45:17-82
95        </service>
96
97        <activity
97-->[com.google.firebase:firebase-auth:20.0.2] AndroidManifest.xml:27:9-44:20
98            android:name="com.google.firebase.auth.internal.GenericIdpActivity"
98-->[com.google.firebase:firebase-auth:20.0.2] AndroidManifest.xml:28:13-80
99            android:excludeFromRecents="true"
99-->[com.google.firebase:firebase-auth:20.0.2] AndroidManifest.xml:29:13-46
100            android:exported="true"
100-->[com.google.firebase:firebase-auth:20.0.2] AndroidManifest.xml:30:13-36
101            android:launchMode="singleTask"
101-->[com.google.firebase:firebase-auth:20.0.2] AndroidManifest.xml:31:13-44
102            android:theme="@android:style/Theme.Translucent.NoTitleBar" >
102-->[com.google.firebase:firebase-auth:20.0.2] AndroidManifest.xml:32:13-72
103            <intent-filter>
103-->[com.google.firebase:firebase-auth:20.0.2] AndroidManifest.xml:33:13-43:29
104                <action android:name="android.intent.action.VIEW" />
104-->[com.google.firebase:firebase-auth:20.0.2] AndroidManifest.xml:34:17-69
104-->[com.google.firebase:firebase-auth:20.0.2] AndroidManifest.xml:34:25-66
105
106                <category android:name="android.intent.category.DEFAULT" />
106-->[com.google.firebase:firebase-auth:20.0.2] AndroidManifest.xml:36:17-76
106-->[com.google.firebase:firebase-auth:20.0.2] AndroidManifest.xml:36:27-73
107                <category android:name="android.intent.category.BROWSABLE" />
107-->[com.google.firebase:firebase-auth:20.0.2] AndroidManifest.xml:37:17-78
107-->[com.google.firebase:firebase-auth:20.0.2] AndroidManifest.xml:37:27-75
108
109                <data
109-->[com.google.firebase:firebase-auth:20.0.2] AndroidManifest.xml:39:17-42:51
110                    android:host="firebase.auth"
110-->[com.google.firebase:firebase-auth:20.0.2] AndroidManifest.xml:40:21-49
111                    android:path="/"
111-->[com.google.firebase:firebase-auth:20.0.2] AndroidManifest.xml:41:21-37
112                    android:scheme="genericidp" />
112-->[com.google.firebase:firebase-auth:20.0.2] AndroidManifest.xml:42:21-48
113            </intent-filter>
114        </activity>
115        <activity
115-->[com.google.firebase:firebase-auth:20.0.2] AndroidManifest.xml:45:9-62:20
116            android:name="com.google.firebase.auth.internal.RecaptchaActivity"
116-->[com.google.firebase:firebase-auth:20.0.2] AndroidManifest.xml:46:13-79
117            android:excludeFromRecents="true"
117-->[com.google.firebase:firebase-auth:20.0.2] AndroidManifest.xml:47:13-46
118            android:exported="true"
118-->[com.google.firebase:firebase-auth:20.0.2] AndroidManifest.xml:48:13-36
119            android:launchMode="singleTask"
119-->[com.google.firebase:firebase-auth:20.0.2] AndroidManifest.xml:49:13-44
120            android:theme="@android:style/Theme.Translucent.NoTitleBar" >
120-->[com.google.firebase:firebase-auth:20.0.2] AndroidManifest.xml:50:13-72
121            <intent-filter>
121-->[com.google.firebase:firebase-auth:20.0.2] AndroidManifest.xml:51:13-61:29
122                <action android:name="android.intent.action.VIEW" />
122-->[com.google.firebase:firebase-auth:20.0.2] AndroidManifest.xml:34:17-69
122-->[com.google.firebase:firebase-auth:20.0.2] AndroidManifest.xml:34:25-66
123
124                <category android:name="android.intent.category.DEFAULT" />
124-->[com.google.firebase:firebase-auth:20.0.2] AndroidManifest.xml:36:17-76
124-->[com.google.firebase:firebase-auth:20.0.2] AndroidManifest.xml:36:27-73
125                <category android:name="android.intent.category.BROWSABLE" />
125-->[com.google.firebase:firebase-auth:20.0.2] AndroidManifest.xml:37:17-78
125-->[com.google.firebase:firebase-auth:20.0.2] AndroidManifest.xml:37:27-75
126
127                <data
127-->[com.google.firebase:firebase-auth:20.0.2] AndroidManifest.xml:39:17-42:51
128                    android:host="firebase.auth"
128-->[com.google.firebase:firebase-auth:20.0.2] AndroidManifest.xml:40:21-49
129                    android:path="/"
129-->[com.google.firebase:firebase-auth:20.0.2] AndroidManifest.xml:41:21-37
130                    android:scheme="recaptcha" />
130-->[com.google.firebase:firebase-auth:20.0.2] AndroidManifest.xml:42:21-48
131            </intent-filter>
132        </activity>
133
134        <service
134-->[com.google.firebase:firebase-auth:20.0.2] AndroidManifest.xml:64:9-73:19
135            android:name="com.google.firebase.auth.api.fallback.service.FirebaseAuthFallbackService"
135-->[com.google.firebase:firebase-auth:20.0.2] AndroidManifest.xml:65:13-101
136            android:enabled="true"
136-->[com.google.firebase:firebase-auth:20.0.2] AndroidManifest.xml:66:13-35
137            android:exported="false" >
137-->[com.google.firebase:firebase-auth:20.0.2] AndroidManifest.xml:67:13-37
138            <intent-filter>
138-->[com.google.firebase:firebase-auth:20.0.2] AndroidManifest.xml:68:13-72:29
139                <action android:name="com.google.firebase.auth.api.gms.service.START" />
139-->[com.google.firebase:firebase-auth:20.0.2] AndroidManifest.xml:69:17-89
139-->[com.google.firebase:firebase-auth:20.0.2] AndroidManifest.xml:69:25-86
140
141                <category android:name="android.intent.category.DEFAULT" />
141-->[com.google.firebase:firebase-auth:20.0.2] AndroidManifest.xml:36:17-76
141-->[com.google.firebase:firebase-auth:20.0.2] AndroidManifest.xml:36:27-73
142            </intent-filter>
143        </service>
144
145        <activity
145-->[com.google.android.gms:play-services-auth:19.0.0] AndroidManifest.xml:23:9-27:75
146            android:name="com.google.android.gms.auth.api.signin.internal.SignInHubActivity"
146-->[com.google.android.gms:play-services-auth:19.0.0] AndroidManifest.xml:24:13-93
147            android:excludeFromRecents="true"
147-->[com.google.android.gms:play-services-auth:19.0.0] AndroidManifest.xml:25:13-46
148            android:exported="false"
148-->[com.google.android.gms:play-services-auth:19.0.0] AndroidManifest.xml:26:13-37
149            android:theme="@android:style/Theme.Translucent.NoTitleBar" />
149-->[com.google.android.gms:play-services-auth:19.0.0] AndroidManifest.xml:27:13-72
150        <!--
151            Service handling Google Sign-In user revocation. For apps that do not integrate with
152            Google Sign-In, this service will never be started.
153        -->
154        <service
154-->[com.google.android.gms:play-services-auth:19.0.0] AndroidManifest.xml:33:9-37:51
155            android:name="com.google.android.gms.auth.api.signin.RevocationBoundService"
155-->[com.google.android.gms:play-services-auth:19.0.0] AndroidManifest.xml:34:13-89
156            android:exported="true"
156-->[com.google.android.gms:play-services-auth:19.0.0] AndroidManifest.xml:35:13-36
157            android:permission="com.google.android.gms.auth.api.signin.permission.REVOCATION_NOTIFICATION"
157-->[com.google.android.gms:play-services-auth:19.0.0] AndroidManifest.xml:36:13-107
158            android:visibleToInstantApps="true" />
158-->[com.google.android.gms:play-services-auth:19.0.0] AndroidManifest.xml:37:13-48
159
160        <activity
160-->[com.google.android.gms:play-services-base:17.1.0] AndroidManifest.xml:23:9-26:75
161            android:name="com.google.android.gms.common.api.GoogleApiActivity"
161-->[com.google.android.gms:play-services-base:17.1.0] AndroidManifest.xml:24:13-79
162            android:exported="false"
162-->[com.google.android.gms:play-services-base:17.1.0] AndroidManifest.xml:25:13-37
163            android:theme="@android:style/Theme.Translucent.NoTitleBar" />
163-->[com.google.android.gms:play-services-base:17.1.0] AndroidManifest.xml:26:13-72
164
165        <provider
165-->[com.google.firebase:firebase-common:19.5.0] AndroidManifest.xml:26:9-31:39
166            android:name="com.google.firebase.provider.FirebaseInitProvider"
166-->[com.google.firebase:firebase-common:19.5.0] AndroidManifest.xml:27:13-77
167            android:authorities="com.example.krishak_anappforkisan.firebaseinitprovider"
167-->[com.google.firebase:firebase-common:19.5.0] AndroidManifest.xml:28:13-72
168            android:directBootAware="true"
168-->[com.google.firebase:firebase-common:19.5.0] AndroidManifest.xml:29:13-43
169            android:exported="false"
169-->[com.google.firebase:firebase-common:19.5.0] AndroidManifest.xml:30:13-37
170            android:initOrder="100" />
170-->[com.google.firebase:firebase-common:19.5.0] AndroidManifest.xml:31:13-36
171
172        <receiver
172-->[com.google.android.gms:play-services-measurement:18.0.2] AndroidManifest.xml:29:9-33:20
173            android:name="com.google.android.gms.measurement.AppMeasurementReceiver"
173-->[com.google.android.gms:play-services-measurement:18.0.2] AndroidManifest.xml:30:13-85
174            android:enabled="true"
174-->[com.google.android.gms:play-services-measurement:18.0.2] AndroidManifest.xml:31:13-35
175            android:exported="false" >
175-->[com.google.android.gms:play-services-measurement:18.0.2] AndroidManifest.xml:32:13-37
176        </receiver>
177
178        <service
178-->[com.google.android.gms:play-services-measurement:18.0.2] AndroidManifest.xml:35:9-38:40
179            android:name="com.google.android.gms.measurement.AppMeasurementService"
179-->[com.google.android.gms:play-services-measurement:18.0.2] AndroidManifest.xml:36:13-84
180            android:enabled="true"
180-->[com.google.android.gms:play-services-measurement:18.0.2] AndroidManifest.xml:37:13-35
181            android:exported="false" />
181-->[com.google.android.gms:play-services-measurement:18.0.2] AndroidManifest.xml:38:13-37
182        <service
182-->[com.google.android.gms:play-services-measurement:18.0.2] AndroidManifest.xml:39:9-43:72
183            android:name="com.google.android.gms.measurement.AppMeasurementJobService"
183-->[com.google.android.gms:play-services-measurement:18.0.2] AndroidManifest.xml:40:13-87
184            android:enabled="true"
184-->[com.google.android.gms:play-services-measurement:18.0.2] AndroidManifest.xml:41:13-35
185            android:exported="false"
185-->[com.google.android.gms:play-services-measurement:18.0.2] AndroidManifest.xml:42:13-37
186            android:permission="android.permission.BIND_JOB_SERVICE" />
186-->[com.google.android.gms:play-services-measurement:18.0.2] AndroidManifest.xml:43:13-69
187
188        <meta-data
188-->[com.google.android.gms:play-services-basement:17.1.1] AndroidManifest.xml:23:9-25:69
189            android:name="com.google.android.gms.version"
189-->[com.google.android.gms:play-services-basement:17.1.1] AndroidManifest.xml:24:13-58
190            android:value="@integer/google_play_services_version" />
190-->[com.google.android.gms:play-services-basement:17.1.1] AndroidManifest.xml:25:13-66
191    </application>
192
193</manifest>